{"contracts/Lock.sol":{"l":{"15":3,"20":2,"21":2,"25":3,"32":7,"33":5,"35":2,"37":2},"path":"/home/hieu/workspace/Blockchain/Hardhat-learn/contracts/Lock.sol","s":{"1":3,"2":7,"3":5,"4":2,"5":2},"b":{"1":[2,1],"2":[5,2],"3":[2,3]},"f":{"1":3,"2":3,"3":7},"fnMap":{"1":{"name":"constructor","line":14,"loc":{"start":{"line":14,"column":4},"end":{"line":22,"column":4}}},"2":{"name":"changeBalance","line":24,"loc":{"start":{"line":24,"column":4},"end":{"line":26,"column":4}}},"3":{"name":"withdraw","line":28,"loc":{"start":{"line":28,"column":4},"end":{"line":38,"column":4}}}},"statementMap":{"1":{"start":{"line":15,"column":8},"end":{"line":15,"column":353}},"2":{"start":{"line":32,"column":8},"end":{"line":32,"column":71}},"3":{"start":{"line":33,"column":8},"end":{"line":33,"column":59}},"4":{"start":{"line":35,"column":8},"end":{"line":35,"column":63}},"5":{"start":{"line":37,"column":8},"end":{"line":37,"column":44}}},"branchMap":{"1":{"line":15,"type":"if","locations":[{"start":{"line":15,"column":8},"end":{"line":15,"column":8}},{"start":{"line":15,"column":8},"end":{"line":15,"column":8}}]},"2":{"line":32,"type":"if","locations":[{"start":{"line":32,"column":8},"end":{"line":32,"column":8}},{"start":{"line":32,"column":8},"end":{"line":32,"column":8}}]},"3":{"line":33,"type":"if","locations":[{"start":{"line":33,"column":8},"end":{"line":33,"column":8}},{"start":{"line":33,"column":8},"end":{"line":33,"column":8}}]}}},"contracts/Token.sol":{"l":{},"path":"/home/hieu/workspace/Blockchain/Hardhat-learn/contracts/Token.sol","s":{},"b":{},"f":{},"fnMap":{},"statementMap":{},"branchMap":{}}}